<?xml version="1.0" encoding="UTF-8"?>
<!-- Generated by org.testng.reporters.JUnitReportReporter -->
<testsuite hostname="DESKTOP-MJCERKJ" failures="0" tests="2" name="day4Aug23.HelpingAttributes2" time="0.016" errors="0" timestamp="2023-08-07T20:29:55 IST" skipped="0">
  <testcase classname="day4Aug23.HelpingAttributes2" name="Flipcart" time="0.013"/>
  <testcase classname="day4Aug23.HelpingAttributes2" name="Ajio" time="0.003"/>
</testsuite> <!-- day4Aug23.HelpingAttributes2 -->
