<?xml version="1.0" encoding="UTF-8"?>
<!-- Generated by org.testng.reporters.JUnitReportReporter -->
<testsuite hostname="DESKTOP-MJCERKJ" failures="0" tests="2" name="day8Aug23.class4" time="52.278" errors="0" timestamp="2023-08-20T13:23:19 IST" skipped="0">
  <testcase classname="day8Aug23.class4" name="Test_4" time="26.813"/>
  <testcase classname="day8Aug23.class4" name="Test_3" time="25.465"/>
</testsuite> <!-- day8Aug23.class4 -->
