<?xml version="1.0" encoding="UTF-8"?>
<!-- Generated by org.testng.reporters.JUnitReportReporter -->
<testsuite hostname="DESKTOP-MJCERKJ" failures="0" tests="2" name="day4Aug23.BAMethod" time="0.034" errors="0" timestamp="2023-08-08T20:01:29 IST" skipped="0">
  <testcase classname="day4Aug23.BAMethod" name="Test2" time="0.021"/>
  <testcase classname="day4Aug23.BAMethod" name="Test1" time="0.013"/>
</testsuite> <!-- day4Aug23.BAMethod -->
