<?xml version="1.0" encoding="UTF-8"?>
<!-- Generated by org.testng.reporters.JUnitReportReporter -->
<testsuite hostname="DESKTOP-MJCERKJ" failures="0" tests="3" name="day7Aug23.DpDEmo3" time="0.019" errors="0" timestamp="2023-08-17T18:31:15 IST" skipped="0">
  <testcase classname="day7Aug23.DpDEmo3" name="verifyLogin" time="0.011"/>
  <testcase classname="day7Aug23.DpDEmo3" name="verifyLogin" time="0.004"/>
  <testcase classname="day7Aug23.DpDEmo3" name="verifyLogin" time="0.004"/>
</testsuite> <!-- day7Aug23.DpDEmo3 -->
