<?xml version="1.0" encoding="UTF-8"?>
<!-- Generated by org.testng.reporters.JUnitReportReporter -->
<testsuite hostname="DESKTOP-MJCERKJ" failures="0" tests="4" name="day8Aug23.Class1" time="0.020" errors="0" timestamp="2023-08-20T13:02:19 IST" skipped="0">
  <testcase classname="day8Aug23.Class1" name="test1" time="0.003"/>
  <testcase classname="day8Aug23.Class1" name="test1" time="0.012"/>
  <testcase classname="day8Aug23.Class1" name="test1" time="0.002"/>
  <testcase classname="day8Aug23.Class1" name="test1" time="0.003"/>
</testsuite> <!-- day8Aug23.Class1 -->
