<?xml version="1.0" encoding="UTF-8"?>
<!-- Generated by org.testng.reporters.JUnitReportReporter -->
<testsuite hostname="DESKTOP-MJCERKJ" failures="0" tests="2" name="day3aug23.TestNgSecondClass" time="0.004" errors="0" timestamp="2023-08-07T20:14:24 IST" skipped="0">
  <testcase classname="day3aug23.TestNgSecondClass" name="Myntra" time="0.002"/>
  <testcase classname="day3aug23.TestNgSecondClass" name="Nyka" time="0.002"/>
</testsuite> <!-- day3aug23.TestNgSecondClass -->
