<?xml version="1.0" encoding="UTF-8"?>
<!-- Generated by org.testng.reporters.JUnitReportReporter -->
<testsuite hostname="DESKTOP-MJCERKJ" failures="0" tests="4" name="day7Aug23.DPdemo" time="0.019" errors="0" timestamp="2023-08-08T22:49:39 IST" skipped="0">
  <testcase classname="day7Aug23.DPdemo" name="verifyLogin" time="0.011"/>
  <testcase classname="day7Aug23.DPdemo" name="verifyLogin" time="0.003"/>
  <testcase classname="day7Aug23.DPdemo" name="verifyLogin" time="0.002"/>
  <testcase classname="day7Aug23.DPdemo" name="verifyLogin" time="0.003"/>
</testsuite> <!-- day7Aug23.DPdemo -->
