<?xml version="1.0" encoding="UTF-8"?>
<!-- Generated by org.testng.reporters.JUnitReportReporter -->
<testsuite hostname="DESKTOP-MJCERKJ" failures="0" tests="2" name="day8Aug23.class3" time="43.320" errors="0" timestamp="2023-08-20T13:23:19 IST" skipped="0">
  <testcase classname="day8Aug23.class3" name="Test_2" time="18.644"/>
  <testcase classname="day8Aug23.class3" name="Test_1" time="24.676"/>
</testsuite> <!-- day8Aug23.class3 -->
