<?xml version="1.0" encoding="UTF-8"?>
<!-- Generated by org.testng.reporters.JUnitReportReporter -->
<testsuite hostname="DESKTOP-MJCERKJ" failures="0" tests="2" name="day7Aug23.Test2" time="0.005" errors="0" timestamp="2023-08-19T19:59:26 IST" skipped="0">
  <testcase classname="day7Aug23.Test2" name="test2_2" time="0.003"/>
  <testcase classname="day7Aug23.Test2" name="test2_1" time="0.002"/>
</testsuite> <!-- day7Aug23.Test2 -->
