<?xml version="1.0" encoding="UTF-8"?>
<!-- Generated by org.testng.reporters.JUnitReportReporter -->
<testsuite hostname="DESKTOP-MJCERKJ" failures="0" tests="11" name="day4Aug23.HelpingAttribute3" time="0.041" errors="0" timestamp="2023-08-08T19:45:50 IST" skipped="0">
  <testcase classname="day4Aug23.HelpingAttribute3" name="GenerateData" time="0.003"/>
  <testcase classname="day4Aug23.HelpingAttribute3" name="GenerateData" time="0.014"/>
  <testcase classname="day4Aug23.HelpingAttribute3" name="GenerateData" time="0.003"/>
  <testcase classname="day4Aug23.HelpingAttribute3" name="verifyNameForMobile" time="0.002"/>
  <testcase classname="day4Aug23.HelpingAttribute3" name="verifyItemZame" time="0.002"/>
  <testcase classname="day4Aug23.HelpingAttribute3" name="verifyPriceForMobile" time="0.002"/>
  <testcase classname="day4Aug23.HelpingAttribute3" name="test10" time="0.003"/>
  <testcase classname="day4Aug23.HelpingAttribute3" name="verifyItemPrice" time="0.001"/>
  <testcase classname="day4Aug23.HelpingAttribute3" name="GenerateData" time="0.002"/>
  <testcase classname="day4Aug23.HelpingAttribute3" name="GenerateData" time="0.001"/>
  <testcase classname="day4Aug23.HelpingAttribute3" name="timeOutTest" time="0.008"/>
</testsuite> <!-- day4Aug23.HelpingAttribute3 -->
