<?xml version="1.0" encoding="UTF-8"?>
<!-- Generated by org.testng.reporters.JUnitReportReporter -->
<testsuite hostname="DESKTOP-MJCERKJ" failures="0" tests="4" name="day9Aug23.GroupsTestCase" time="0.018" errors="0" timestamp="2023-09-02T13:08:18 IST" skipped="0">
  <testcase classname="day9Aug23.GroupsTestCase" name="TestActiva" time="0.011"/>
  <testcase classname="day9Aug23.GroupsTestCase" name="TestSuzuki" time="0.002"/>
  <testcase classname="day9Aug23.GroupsTestCase" name="TestHonda" time="0.003"/>
  <testcase classname="day9Aug23.GroupsTestCase" name="TestYamah" time="0.002"/>
</testsuite> <!-- day9Aug23.GroupsTestCase -->
