<?xml version="1.0" encoding="UTF-8"?>
<!-- Generated by org.testng.reporters.JUnitReportReporter -->
<testsuite hostname="DESKTOP-MJCERKJ" failures="0" tests="3" name="day4Aug23.HelpingAttributes1" time="0.018" errors="0" timestamp="2023-08-07T20:25:52 IST" skipped="0">
  <testcase classname="day4Aug23.HelpingAttributes1" name="NykaTest" time="0.013"/>
  <testcase classname="day4Aug23.HelpingAttributes1" name="Zudio" time="0.003"/>
  <testcase classname="day4Aug23.HelpingAttributes1" name="MyntraTest" time="0.002"/>
</testsuite> <!-- day4Aug23.HelpingAttributes1 -->
