<?xml version="1.0" encoding="UTF-8"?>
<!-- Generated by org.testng.reporters.JUnitReportReporter -->
<testsuite hostname="DESKTOP-MJCERKJ" failures="0" tests="2" name="day7Aug23.Test1" time="0.017" errors="0" timestamp="2023-08-19T19:59:26 IST" skipped="0">
  <testcase classname="day7Aug23.Test1" name="test1_2" time="0.004"/>
  <testcase classname="day7Aug23.Test1" name="test1_1" time="0.013"/>
</testsuite> <!-- day7Aug23.Test1 -->
