<?xml version="1.0" encoding="UTF-8"?>
<!-- Generated by org.testng.reporters.JUnitReportReporter -->
<testsuite hostname="DESKTOP-MJCERKJ" failures="0" tests="1" name="day8Aug23.assertionDemo" time="0.020" errors="0" timestamp="2023-08-21T19:37:55 IST" skipped="0">
  <testcase classname="day8Aug23.assertionDemo" name="verifyTest" time="0.020"/>
</testsuite> <!-- day8Aug23.assertionDemo -->
