<?xml version="1.0" encoding="UTF-8"?>
<!-- Generated by org.testng.reporters.JUnitReportReporter -->
<testsuite hostname="DESKTOP-MJCERKJ" failures="0" tests="3" name="day4Aug23.DependsonMethoDemo" time="0.014" errors="0" timestamp="2023-08-08T19:53:53 IST" skipped="1">
  <testcase classname="day4Aug23.DependsonMethoDemo" name="login" time="0.002"/>
  <testcase classname="day4Aug23.DependsonMethoDemo" name="reg" time="0.012"/>
  <testcase classname="day4Aug23.DependsonMethoDemo" name="logout">
    <skipped/>
  </testcase> <!-- logout -->
</testsuite> <!-- day4Aug23.DependsonMethoDemo -->
