<?xml version="1.0" encoding="UTF-8"?>
<!-- Generated by org.testng.reporters.JUnitReportReporter -->
<testsuite hostname="DESKTOP-MJCERKJ" failures="0" tests="3" name="day3aug23.TestNgFirstClass" time="0.017" errors="0" timestamp="2023-08-07T20:14:24 IST" skipped="0">
  <testcase classname="day3aug23.TestNgFirstClass" name="Amazon" time="0.011"/>
  <testcase classname="day3aug23.TestNgFirstClass" name="FlipCart" time="0.002"/>
  <testcase classname="day3aug23.TestNgFirstClass" name="Meesho" time="0.004"/>
</testsuite> <!-- day3aug23.TestNgFirstClass -->
